[2020-09-26 04:48:55,450] INFO [Broker id=1] Add 53 partitions and deleted 0 partitions from metadata cache in response to UpdateMetadata request sent by controller 2 epoch 4 with correlation id 0 (state.change.logger)
[2020-09-26 04:48:55,509] INFO [Broker id=1] Handling LeaderAndIsr request correlationId 1 from controller 2 for 28 partitions (state.change.logger)
[2020-09-26 04:48:55,549] ERROR [Broker id=1] Received LeaderAndIsrRequest with correlation id 1 from controller 2 epoch 4 for partition __consumer_offsets-18 (last update controller epoch 4) but cannot become follower since the new leader -1 is unavailable. (state.change.logger)
[2020-09-26 04:48:55,556] ERROR [Broker id=1] Received LeaderAndIsrRequest with correlation id 1 from controller 2 epoch 4 for partition __consumer_offsets-22 (last update controller epoch 4) but cannot become follower since the new leader -1 is unavailable. (state.change.logger)
[2020-09-26 04:48:55,561] INFO [Broker id=1] Follower test-topic-1 starts at leader epoch 3 from offset 0 with high watermark 0. Previous leader epoch was -1. (state.change.logger)
[2020-09-26 04:48:55,561] ERROR [Broker id=1] Received LeaderAndIsrRequest with correlation id 1 from controller 2 epoch 4 for partition __consumer_offsets-10 (last update controller epoch 4) but cannot become follower since the new leader -1 is unavailable. (state.change.logger)
[2020-09-26 04:48:55,561] ERROR [Broker id=1] Received LeaderAndIsrRequest with correlation id 1 from controller 2 epoch 4 for partition __consumer_offsets-44 (last update controller epoch 4) but cannot become follower since the new leader -1 is unavailable. (state.change.logger)
[2020-09-26 04:48:55,562] ERROR [Broker id=1] Received LeaderAndIsrRequest with correlation id 1 from controller 2 epoch 4 for partition __consumer_offsets-14 (last update controller epoch 4) but cannot become follower since the new leader -1 is unavailable. (state.change.logger)
[2020-09-26 04:48:55,562] ERROR [Broker id=1] Received LeaderAndIsrRequest with correlation id 1 from controller 2 epoch 4 for partition __consumer_offsets-48 (last update controller epoch 4) but cannot become follower since the new leader -1 is unavailable. (state.change.logger)
[2020-09-26 04:48:55,562] ERROR [Broker id=1] Received LeaderAndIsrRequest with correlation id 1 from controller 2 epoch 4 for partition __consumer_offsets-34 (last update controller epoch 4) but cannot become follower since the new leader -1 is unavailable. (state.change.logger)
[2020-09-26 04:48:55,562] ERROR [Broker id=1] Received LeaderAndIsrRequest with correlation id 1 from controller 2 epoch 4 for partition __consumer_offsets-4 (last update controller epoch 4) but cannot become follower since the new leader -1 is unavailable. (state.change.logger)
[2020-09-26 04:48:55,563] INFO [Broker id=1] Follower test-topic-2 starts at leader epoch 3 from offset 0 with high watermark 0. Previous leader epoch was -1. (state.change.logger)
[2020-09-26 04:48:55,563] ERROR [Broker id=1] Received LeaderAndIsrRequest with correlation id 1 from controller 2 epoch 4 for partition __consumer_offsets-38 (last update controller epoch 4) but cannot become follower since the new leader -1 is unavailable. (state.change.logger)
[2020-09-26 04:48:55,563] ERROR [Broker id=1] Received LeaderAndIsrRequest with correlation id 1 from controller 2 epoch 4 for partition __consumer_offsets-8 (last update controller epoch 4) but cannot become follower since the new leader -1 is unavailable. (state.change.logger)
[2020-09-26 04:48:55,564] ERROR [Broker id=1] Received LeaderAndIsrRequest with correlation id 1 from controller 2 epoch 4 for partition __consumer_offsets-26 (last update controller epoch 4) but cannot become follower since the new leader -1 is unavailable. (state.change.logger)
[2020-09-26 04:48:55,564] ERROR [Broker id=1] Received LeaderAndIsrRequest with correlation id 1 from controller 2 epoch 4 for partition __consumer_offsets-30 (last update controller epoch 4) but cannot become follower since the new leader -1 is unavailable. (state.change.logger)
[2020-09-26 04:48:55,564] ERROR [Broker id=1] Received LeaderAndIsrRequest with correlation id 1 from controller 2 epoch 4 for partition __consumer_offsets-0 (last update controller epoch 4) but cannot become follower since the new leader -1 is unavailable. (state.change.logger)
[2020-09-26 04:48:55,564] ERROR [Broker id=1] Received LeaderAndIsrRequest with correlation id 1 from controller 2 epoch 4 for partition __consumer_offsets-20 (last update controller epoch 4) but cannot become follower since the new leader -1 is unavailable. (state.change.logger)
[2020-09-26 04:48:55,565] ERROR [Broker id=1] Received LeaderAndIsrRequest with correlation id 1 from controller 2 epoch 4 for partition __consumer_offsets-24 (last update controller epoch 4) but cannot become follower since the new leader -1 is unavailable. (state.change.logger)
[2020-09-26 04:48:55,565] ERROR [Broker id=1] Received LeaderAndIsrRequest with correlation id 1 from controller 2 epoch 4 for partition __consumer_offsets-42 (last update controller epoch 4) but cannot become follower since the new leader -1 is unavailable. (state.change.logger)
[2020-09-26 04:48:55,565] ERROR [Broker id=1] Received LeaderAndIsrRequest with correlation id 1 from controller 2 epoch 4 for partition __consumer_offsets-12 (last update controller epoch 4) but cannot become follower since the new leader -1 is unavailable. (state.change.logger)
[2020-09-26 04:48:55,566] ERROR [Broker id=1] Received LeaderAndIsrRequest with correlation id 1 from controller 2 epoch 4 for partition __consumer_offsets-46 (last update controller epoch 4) but cannot become follower since the new leader -1 is unavailable. (state.change.logger)
[2020-09-26 04:48:55,566] ERROR [Broker id=1] Received LeaderAndIsrRequest with correlation id 1 from controller 2 epoch 4 for partition __consumer_offsets-16 (last update controller epoch 4) but cannot become follower since the new leader -1 is unavailable. (state.change.logger)
[2020-09-26 04:48:55,566] ERROR [Broker id=1] Received LeaderAndIsrRequest with correlation id 1 from controller 2 epoch 4 for partition __consumer_offsets-2 (last update controller epoch 4) but cannot become follower since the new leader -1 is unavailable. (state.change.logger)
[2020-09-26 04:48:55,572] INFO [Broker id=1] Follower test-topic-0 starts at leader epoch 3 from offset 1 with high watermark 1. Previous leader epoch was -1. (state.change.logger)
[2020-09-26 04:48:55,572] ERROR [Broker id=1] Received LeaderAndIsrRequest with correlation id 1 from controller 2 epoch 4 for partition __consumer_offsets-36 (last update controller epoch 4) but cannot become follower since the new leader -1 is unavailable. (state.change.logger)
[2020-09-26 04:48:55,572] ERROR [Broker id=1] Received LeaderAndIsrRequest with correlation id 1 from controller 2 epoch 4 for partition __consumer_offsets-6 (last update controller epoch 4) but cannot become follower since the new leader -1 is unavailable. (state.change.logger)
[2020-09-26 04:48:55,572] ERROR [Broker id=1] Received LeaderAndIsrRequest with correlation id 1 from controller 2 epoch 4 for partition __consumer_offsets-40 (last update controller epoch 4) but cannot become follower since the new leader -1 is unavailable. (state.change.logger)
[2020-09-26 04:48:55,573] ERROR [Broker id=1] Received LeaderAndIsrRequest with correlation id 1 from controller 2 epoch 4 for partition __consumer_offsets-28 (last update controller epoch 4) but cannot become follower since the new leader -1 is unavailable. (state.change.logger)
[2020-09-26 04:48:55,573] ERROR [Broker id=1] Received LeaderAndIsrRequest with correlation id 1 from controller 2 epoch 4 for partition __consumer_offsets-32 (last update controller epoch 4) but cannot become follower since the new leader -1 is unavailable. (state.change.logger)
[2020-09-26 04:48:55,577] INFO [Broker id=1] Stopped fetchers as part of become-follower request from controller 2 epoch 4 with correlation id 1 for 3 partitions (state.change.logger)
[2020-09-26 04:48:55,661] INFO [Broker id=1] Add 28 partitions and deleted 0 partitions from metadata cache in response to UpdateMetadata request sent by controller 2 epoch 4 with correlation id 2 (state.change.logger)
[2020-09-26 04:48:55,664] INFO [Broker id=1] Handling LeaderAndIsr request correlationId 3 from controller 2 for 25 partitions (state.change.logger)
[2020-09-26 04:48:55,700] INFO [Broker id=1] Stopped fetchers as part of LeaderAndIsr request correlationId 3 from controller 2 epoch 4 as part of the become-leader transition for 25 partitions (state.change.logger)
[2020-09-26 04:48:55,704] INFO [Broker id=1] Leader __consumer_offsets-18 starts at leader epoch 2 from offset 0 with high watermark 0 ISR [1] addingReplicas [] removingReplicas []. Previous leader epoch was -1. (state.change.logger)
[2020-09-26 04:48:55,728] INFO [Broker id=1] Leader __consumer_offsets-22 starts at leader epoch 2 from offset 0 with high watermark 0 ISR [1] addingReplicas [] removingReplicas []. Previous leader epoch was -1. (state.change.logger)
[2020-09-26 04:48:55,730] INFO [Broker id=1] Leader __consumer_offsets-10 starts at leader epoch 2 from offset 0 with high watermark 0 ISR [1] addingReplicas [] removingReplicas []. Previous leader epoch was -1. (state.change.logger)
[2020-09-26 04:48:55,731] INFO [Broker id=1] Leader __consumer_offsets-44 starts at leader epoch 2 from offset 0 with high watermark 0 ISR [1] addingReplicas [] removingReplicas []. Previous leader epoch was -1. (state.change.logger)
[2020-09-26 04:48:55,734] INFO [Broker id=1] Leader __consumer_offsets-14 starts at leader epoch 2 from offset 0 with high watermark 0 ISR [1] addingReplicas [] removingReplicas []. Previous leader epoch was -1. (state.change.logger)
[2020-09-26 04:48:55,736] INFO [Broker id=1] Leader __consumer_offsets-48 starts at leader epoch 2 from offset 0 with high watermark 0 ISR [1] addingReplicas [] removingReplicas []. Previous leader epoch was -1. (state.change.logger)
[2020-09-26 04:48:55,759] INFO [Broker id=1] Leader __consumer_offsets-34 starts at leader epoch 2 from offset 0 with high watermark 0 ISR [1] addingReplicas [] removingReplicas []. Previous leader epoch was -1. (state.change.logger)
[2020-09-26 04:48:55,760] INFO [Broker id=1] Leader __consumer_offsets-4 starts at leader epoch 2 from offset 0 with high watermark 0 ISR [1] addingReplicas [] removingReplicas []. Previous leader epoch was -1. (state.change.logger)
[2020-09-26 04:48:55,778] INFO [Broker id=1] Leader __consumer_offsets-38 starts at leader epoch 2 from offset 0 with high watermark 0 ISR [1] addingReplicas [] removingReplicas []. Previous leader epoch was -1. (state.change.logger)
[2020-09-26 04:48:55,779] INFO [Broker id=1] Leader __consumer_offsets-8 starts at leader epoch 2 from offset 0 with high watermark 0 ISR [1] addingReplicas [] removingReplicas []. Previous leader epoch was -1. (state.change.logger)
[2020-09-26 04:48:55,792] INFO [Broker id=1] Leader __consumer_offsets-26 starts at leader epoch 2 from offset 0 with high watermark 0 ISR [1] addingReplicas [] removingReplicas []. Previous leader epoch was -1. (state.change.logger)
[2020-09-26 04:48:55,794] INFO [Broker id=1] Leader __consumer_offsets-30 starts at leader epoch 2 from offset 0 with high watermark 0 ISR [1] addingReplicas [] removingReplicas []. Previous leader epoch was -1. (state.change.logger)
[2020-09-26 04:48:55,799] INFO [Broker id=1] Leader __consumer_offsets-0 starts at leader epoch 2 from offset 10 with high watermark 10 ISR [1] addingReplicas [] removingReplicas []. Previous leader epoch was -1. (state.change.logger)
[2020-09-26 04:48:55,806] INFO [Broker id=1] Leader __consumer_offsets-20 starts at leader epoch 2 from offset 0 with high watermark 0 ISR [1] addingReplicas [] removingReplicas []. Previous leader epoch was -1. (state.change.logger)
[2020-09-26 04:48:55,810] INFO [Broker id=1] Leader __consumer_offsets-24 starts at leader epoch 2 from offset 0 with high watermark 0 ISR [1] addingReplicas [] removingReplicas []. Previous leader epoch was -1. (state.change.logger)
[2020-09-26 04:48:55,813] INFO [Broker id=1] Leader __consumer_offsets-42 starts at leader epoch 2 from offset 0 with high watermark 0 ISR [1] addingReplicas [] removingReplicas []. Previous leader epoch was -1. (state.change.logger)
[2020-09-26 04:48:55,815] INFO [Broker id=1] Leader __consumer_offsets-12 starts at leader epoch 2 from offset 0 with high watermark 0 ISR [1] addingReplicas [] removingReplicas []. Previous leader epoch was -1. (state.change.logger)
[2020-09-26 04:48:55,820] INFO [Broker id=1] Leader __consumer_offsets-46 starts at leader epoch 2 from offset 0 with high watermark 0 ISR [1] addingReplicas [] removingReplicas []. Previous leader epoch was -1. (state.change.logger)
[2020-09-26 04:48:55,837] INFO [Broker id=1] Leader __consumer_offsets-16 starts at leader epoch 2 from offset 0 with high watermark 0 ISR [1] addingReplicas [] removingReplicas []. Previous leader epoch was -1. (state.change.logger)
[2020-09-26 04:48:55,839] INFO [Broker id=1] Leader __consumer_offsets-2 starts at leader epoch 2 from offset 0 with high watermark 0 ISR [1] addingReplicas [] removingReplicas []. Previous leader epoch was -1. (state.change.logger)
[2020-09-26 04:48:55,840] INFO [Broker id=1] Leader __consumer_offsets-36 starts at leader epoch 2 from offset 0 with high watermark 0 ISR [1] addingReplicas [] removingReplicas []. Previous leader epoch was -1. (state.change.logger)
[2020-09-26 04:48:55,843] INFO [Broker id=1] Leader __consumer_offsets-6 starts at leader epoch 2 from offset 0 with high watermark 0 ISR [1] addingReplicas [] removingReplicas []. Previous leader epoch was -1. (state.change.logger)
[2020-09-26 04:48:55,845] INFO [Broker id=1] Leader __consumer_offsets-40 starts at leader epoch 2 from offset 0 with high watermark 0 ISR [1] addingReplicas [] removingReplicas []. Previous leader epoch was -1. (state.change.logger)
[2020-09-26 04:48:55,846] INFO [Broker id=1] Leader __consumer_offsets-28 starts at leader epoch 2 from offset 0 with high watermark 0 ISR [1] addingReplicas [] removingReplicas []. Previous leader epoch was -1. (state.change.logger)
[2020-09-26 04:48:55,847] INFO [Broker id=1] Leader __consumer_offsets-32 starts at leader epoch 2 from offset 0 with high watermark 0 ISR [1] addingReplicas [] removingReplicas []. Previous leader epoch was -1. (state.change.logger)
[2020-09-26 04:48:55,865] INFO [Broker id=1] Add 25 partitions and deleted 0 partitions from metadata cache in response to UpdateMetadata request sent by controller 2 epoch 4 with correlation id 4 (state.change.logger)
[2020-09-26 04:48:56,003] INFO [Broker id=1] Add 3 partitions and deleted 0 partitions from metadata cache in response to UpdateMetadata request sent by controller 2 epoch 4 with correlation id 5 (state.change.logger)
[2020-09-26 04:52:22,345] INFO [Broker id=1] Handling LeaderAndIsr request correlationId 6 from controller 2 for 3 partitions (state.change.logger)
[2020-09-26 04:52:22,346] INFO [Broker id=1] Stopped fetchers as part of LeaderAndIsr request correlationId 6 from controller 2 epoch 4 as part of the become-leader transition for 3 partitions (state.change.logger)
[2020-09-26 04:52:22,347] INFO [Broker id=1] Leader test-topic-0 starts at leader epoch 4 from offset 2 with high watermark 2 ISR [2,3,1] addingReplicas [] removingReplicas []. Previous leader epoch was 3. (state.change.logger)
[2020-09-26 04:52:22,369] INFO [Broker id=1] Leader test-topic-2 starts at leader epoch 4 from offset 0 with high watermark 0 ISR [2,3,1] addingReplicas [] removingReplicas []. Previous leader epoch was 3. (state.change.logger)
[2020-09-26 04:52:22,374] INFO [Broker id=1] Leader test-topic-1 starts at leader epoch 4 from offset 0 with high watermark 0 ISR [2,3,1] addingReplicas [] removingReplicas []. Previous leader epoch was 3. (state.change.logger)
[2020-09-26 04:52:22,422] INFO [Broker id=1] Add 3 partitions and deleted 0 partitions from metadata cache in response to UpdateMetadata request sent by controller 2 epoch 4 with correlation id 7 (state.change.logger)
